<?xml version="1.0" encoding="UTF-8"?>
<!-- Generated by org.testng.reporters.JUnitReportReporter -->
<testsuite skipped="0" hostname="DESKTOP-9C659HB" name="com.employeeapi.testCases.TC003_Post_Employee_Record" tests="8" failures="0" timestamp="20 Jan 2020 22:59:37 GMT" time="0.053" errors="0">
  <testcase name="checkContentLength" time="0.000" classname="com.employeeapi.testCases.TC003_Post_Employee_Record"/>
  <testcase name="checkStatusCode" time="0.000" classname="com.employeeapi.testCases.TC003_Post_Employee_Record"/>
  <testcase name="checkContentType" time="0.016" classname="com.employeeapi.testCases.TC003_Post_Employee_Record"/>
  <testcase name="checkStatusLine" time="0.000" classname="com.employeeapi.testCases.TC003_Post_Employee_Record"/>
  <testcase name="checkResponseTime" time="0.000" classname="com.employeeapi.testCases.TC003_Post_Employee_Record"/>
  <testcase name="checkCookies" time="0.006" classname="com.employeeapi.testCases.TC003_Post_Employee_Record"/>
  <testcase name="checkResposeBody" time="0.015" classname="com.employeeapi.testCases.TC003_Post_Employee_Record"/>
  <testcase name="checkServerType" time="0.016" classname="com.employeeapi.testCases.TC003_Post_Employee_Record"/>
</testsuite> <!-- com.employeeapi.testCases.TC003_Post_Employee_Record -->
