<?xml version="1.0" encoding="UTF-8"?>
<!-- Generated by org.testng.reporters.JUnitReportReporter -->
<testsuite skipped="0" hostname="DESKTOP-9C659HB" name="com.employeeapi.testCases.TC001_Get_All_Employees" tests="9" failures="0" timestamp="25 Jan 2020 22:41:22 GMT" time="0.073" errors="0">
  <testcase name="checkResposeBody" time="0.036" classname="com.employeeapi.testCases.TC001_Get_All_Employees"/>
  <testcase name="checkStatusLine" time="0.006" classname="com.employeeapi.testCases.TC001_Get_All_Employees"/>
  <testcase name="checkContentLength" time="0.006" classname="com.employeeapi.testCases.TC001_Get_All_Employees"/>
  <testcase name="checkStatusCode" time="0.003" classname="com.employeeapi.testCases.TC001_Get_All_Employees"/>
  <testcase name="checkContentEncoding" time="0.011" classname="com.employeeapi.testCases.TC001_Get_All_Employees"/>
  <testcase name="checkContentType" time="0.003" classname="com.employeeapi.testCases.TC001_Get_All_Employees"/>
  <testcase name="checkResponseTime" time="0.003" classname="com.employeeapi.testCases.TC001_Get_All_Employees"/>
  <testcase name="checkCookies" time="0.003" classname="com.employeeapi.testCases.TC001_Get_All_Employees"/>
  <testcase name="checkServerType" time="0.002" classname="com.employeeapi.testCases.TC001_Get_All_Employees"/>
</testsuite> <!-- com.employeeapi.testCases.TC001_Get_All_Employees -->
